#
# There is insufficient memory for the Java Runtime Environment to continue.
# Native memory allocation (malloc) failed to allocate 2134736 bytes for Chunk::new
# Possible reasons:
#   The system is out of physical RAM or swap space
#   In 32 bit mode, the process size limit was hit
# Possible solutions:
#   Reduce memory load on the system
#   Increase physical memory or swap space
#   Check if swap backing store is full
#   Use 64 bit Java on a 64 bit OS
#   Decrease Java heap size (-Xmx/-Xms)
#   Decrease number of Java threads
#   Decrease Java thread stack sizes (-Xss)
#   Set larger code cache with -XX:ReservedCodeCacheSize=
# This output file may be truncated or incomplete.
#
#  Out of Memory Error (allocation.cpp:390), pid=14524, tid=0x000000000000426c
#
# JRE version: Java(TM) SE Runtime Environment (8.0_144-b01) (build 1.8.0_144-b01)
# Java VM: Java HotSpot(TM) 64-Bit Server VM (25.144-b01 mixed mode windows-amd64 compressed oops)
# Failed to write core dump. Minidumps are not enabled by default on client versions of Windows
#

---------------  T H R E A D  ---------------

Current thread (0x00000000152b6000):  JavaThread "C2 CompilerThread0" daemon [_thread_in_native, id=17004, stack(0x0000000016910000,0x0000000016a10000)]

Stack: [0x0000000016910000,0x0000000016a10000]
[error occurred during error reporting (printing stack bounds), id 0xc0000005]

Native frames: (J=compiled Java code, j=interpreted, Vv=VM code, C=native code)


Current CompileTask:
C2:   5166 1667   !   4       java.net.URLClassLoader$1::run (63 bytes)


---------------  P R O C E S S  ---------------

Java Threads: ( => current thread )
  0x0000000017b85800 JavaThread "background-preinit" [_thread_in_native, id=3288, stack(0x0000000019ca0000,0x0000000019da0000)]
  0x0000000016d59800 JavaThread "surefire-forkedjvm-ping-30s" daemon [_thread_in_native, id=17064, stack(0x0000000017310000,0x0000000017410000)]
  0x0000000016d19000 JavaThread "surefire-forkedjvm-command-thread" daemon [_thread_in_native, id=16420, stack(0x0000000017210000,0x0000000017310000)]
  0x0000000016c3b000 JavaThread "Service Thread" daemon [_thread_blocked, id=12384, stack(0x0000000017010000,0x0000000017110000)]
  0x00000000152bb800 JavaThread "C1 CompilerThread2" daemon [_thread_blocked, id=16336, stack(0x0000000016b10000,0x0000000016c10000)]
  0x00000000152b8000 JavaThread "C2 CompilerThread1" daemon [_thread_in_native, id=16532, stack(0x0000000016a10000,0x0000000016b10000)]
=>0x00000000152b6000 JavaThread "C2 CompilerThread0" daemon [_thread_in_native, id=17004, stack(0x0000000016910000,0x0000000016a10000)]
  0x00000000152b1000 JavaThread "Attach Listener" daemon [_thread_blocked, id=15676, stack(0x0000000016810000,0x0000000016910000)]
  0x00000000152b0000 JavaThread "Signal Dispatcher" daemon [_thread_blocked, id=16584, stack(0x0000000016710000,0x0000000016810000)]
  0x0000000002cbc000 JavaThread "Finalizer" daemon [_thread_blocked, id=5060, stack(0x0000000016520000,0x0000000016620000)]
  0x0000000002cb3000 JavaThread "Reference Handler" daemon [_thread_blocked, id=15404, stack(0x0000000016420000,0x0000000016520000)]
  0x0000000002bbe000 JavaThread "main" [_thread_in_native, id=15980, stack(0x0000000002ab0000,0x0000000002bb0000)]

Other Threads:
  0x0000000015277000 VMThread [stack: 0x0000000016320000,0x0000000016420000] [id=3212]
  0x0000000016c3f800 WatcherThread [stack: 0x0000000017110000,0x0000000017210000] [id=13268]

VM state:not at safepoint (normal execution)

VM Mutex/Monitor currently owned by a thread: None

Heap:
 PSYoungGen      total 68096K, used 47648K [0x00000000eb300000, 0x00000000f4100000, 0x0000000100000000)
  eden space 65536K, 72% used [0x00000000eb300000,0x00000000ee1882d0,0x00000000ef300000)
  from space 2560K, 0% used [0x00000000ef300000,0x00000000ef300000,0x00000000ef580000)
  to   space 7168K, 0% used [0x00000000f3a00000,0x00000000f3a00000,0x00000000f4100000)
 ParOldGen       total 35840K, used 7459K [0x00000000c1800000, 0x00000000c3b00000, 0x00000000eb300000)
  object space 35840K, 20% used [0x00000000c1800000,0x00000000c1f48c70,0x00000000c3b00000)
 Metaspace       used 25196K, capacity 26024K, committed 26240K, reserved 1073152K
  class space    used 3223K, capacity 3430K, committed 3456K, reserved 1048576K

Card table byte_map: [0x0000000012080000,0x0000000012280000] byte_map_base: 0x0000000011a74000

Marking Bits: (ParMarkBitMap*) 0x000000005e79d850
 Begin Bits: [0x00000000127d0000, 0x0000000013770000)
 End Bits:   [0x0000000013770000, 0x0000000014710000)

Polling page: 0x0000000001220000

CodeCache: size=245760Kb used=7434Kb max_used=7434Kb free=238325Kb
 bounds [0x0000000002cc0000, 0x0000000003410000, 0x0000000011cc0000]
 total_blobs=2438 nmethods=2047 adapters=303
 compilation: enabled

Compilation events (10 events):
Event: 5.143 Thread 0x00000000152bb800 2056       3       org.springframework.boot.autoconfigure.condition.ConditionMessage::isEmpty (16 bytes)
Event: 5.144 Thread 0x00000000152bb800 nmethod 2056 0x00000000033ffc50 code [0x00000000033ffdc0, 0x00000000034001b0]
Event: 5.145 Thread 0x00000000152bb800 2057       3       org.springframework.core.env.SystemEnvironmentPropertySource::checkPropertyName (97 bytes)
Event: 5.147 Thread 0x00000000152bb800 nmethod 2057 0x0000000003400310 code [0x0000000003400500, 0x0000000003400d98]
Event: 5.147 Thread 0x00000000152bb800 2058       3       org.springframework.util.StringUtils::arrayToDelimitedString (68 bytes)
Event: 5.149 Thread 0x00000000152bb800 nmethod 2058 0x0000000003400fd0 code [0x00000000034011e0, 0x0000000003401e28]
Event: 5.149 Thread 0x00000000152bb800 2059       3       org.springframework.boot.autoconfigure.condition.ConditionMessage::<init> (43 bytes)
Event: 5.150 Thread 0x00000000152bb800 nmethod 2059 0x0000000003402390 code [0x00000000034025c0, 0x0000000003403478]
Event: 5.152 Thread 0x00000000152bb800 2060       3       java.util.ArrayList::addAll (54 bytes)
Event: 5.152 Thread 0x00000000152bb800 nmethod 2060 0x0000000003403a90 code [0x0000000003403c40, 0x00000000034042a8]

GC Heap History (10 events):
Event: 1.786 GC heap before
{Heap before GC invocations=2 (full 0):
 PSYoungGen      total 18944K, used 18923K [0x00000000eb300000, 0x00000000ed800000, 0x0000000100000000)
  eden space 16384K, 100% used [0x00000000eb300000,0x00000000ec300000,0x00000000ec300000)
  from space 2560K, 99% used [0x00000000ec300000,0x00000000ec57ae90,0x00000000ec580000)
  to   space 2560K, 0% used [0x00000000ed580000,0x00000000ed580000,0x00000000ed800000)
 ParOldGen       total 44032K, used 829K [0x00000000c1800000, 0x00000000c4300000, 0x00000000eb300000)
  object space 44032K, 1% used [0x00000000c1800000,0x00000000c18cf688,0x00000000c4300000)
 Metaspace       used 10453K, capacity 10780K, committed 10880K, reserved 1058816K
  class space    used 1239K, capacity 1336K, committed 1408K, reserved 1048576K
Event: 1.795 GC heap after
Heap after GC invocations=2 (full 0):
 PSYoungGen      total 35328K, used 2555K [0x00000000eb300000, 0x00000000ed800000, 0x0000000100000000)
  eden space 32768K, 0% used [0x00000000eb300000,0x00000000eb300000,0x00000000ed300000)
  from space 2560K, 99% used [0x00000000ed580000,0x00000000ed7feec0,0x00000000ed800000)
  to   space 2560K, 0% used [0x00000000ed300000,0x00000000ed300000,0x00000000ed580000)
 ParOldGen       total 44032K, used 2095K [0x00000000c1800000, 0x00000000c4300000, 0x00000000eb300000)
  object space 44032K, 4% used [0x00000000c1800000,0x00000000c1a0be60,0x00000000c4300000)
 Metaspace       used 10453K, capacity 10780K, committed 10880K, reserved 1058816K
  class space    used 1239K, capacity 1336K, committed 1408K, reserved 1048576K
}
Event: 2.838 GC heap before
{Heap before GC invocations=3 (full 0):
 PSYoungGen      total 35328K, used 35323K [0x00000000eb300000, 0x00000000ed800000, 0x0000000100000000)
  eden space 32768K, 100% used [0x00000000eb300000,0x00000000ed300000,0x00000000ed300000)
  from space 2560K, 99% used [0x00000000ed580000,0x00000000ed7feec0,0x00000000ed800000)
  to   space 2560K, 0% used [0x00000000ed300000,0x00000000ed300000,0x00000000ed580000)
 ParOldGen       total 44032K, used 2095K [0x00000000c1800000, 0x00000000c4300000, 0x00000000eb300000)
  object space 44032K, 4% used [0x00000000c1800000,0x00000000c1a0be60,0x00000000c4300000)
 Metaspace       used 15042K, capacity 15478K, committed 15616K, reserved 1062912K
  class space    used 1861K, capacity 1983K, committed 2048K, reserved 1048576K
Event: 2.855 GC heap after
Heap after GC invocations=3 (full 0):
 PSYoungGen      total 35328K, used 2528K [0x00000000eb300000, 0x00000000ef800000, 0x0000000100000000)
  eden space 32768K, 0% used [0x00000000eb300000,0x00000000eb300000,0x00000000ed300000)
  from space 2560K, 98% used [0x00000000ed300000,0x00000000ed578020,0x00000000ed580000)
  to   space 2560K, 0% used [0x00000000ef580000,0x00000000ef580000,0x00000000ef800000)
 ParOldGen       total 44032K, used 5493K [0x00000000c1800000, 0x00000000c4300000, 0x00000000eb300000)
  object space 44032K, 12% used [0x00000000c1800000,0x00000000c1d5d7e0,0x00000000c4300000)
 Metaspace       used 15042K, capacity 15478K, committed 15616K, reserved 1062912K
  class space    used 1861K, capacity 1983K, committed 2048K, reserved 1048576K
}
Event: 3.239 GC heap before
{Heap before GC invocations=4 (full 0):
 PSYoungGen      total 35328K, used 35296K [0x00000000eb300000, 0x00000000ef800000, 0x0000000100000000)
  eden space 32768K, 100% used [0x00000000eb300000,0x00000000ed300000,0x00000000ed300000)
  from space 2560K, 98% used [0x00000000ed300000,0x00000000ed578020,0x00000000ed580000)
  to   space 2560K, 0% used [0x00000000ef580000,0x00000000ef580000,0x00000000ef800000)
 ParOldGen       total 44032K, used 5493K [0x00000000c1800000, 0x00000000c4300000, 0x00000000eb300000)
  object space 44032K, 12% used [0x00000000c1800000,0x00000000c1d5d7e0,0x00000000c4300000)
 Metaspace       used 17326K, capacity 17802K, committed 18048K, reserved 1064960K
  class space    used 2265K, capacity 2385K, committed 2432K, reserved 1048576K
Event: 3.254 GC heap after
Heap after GC invocations=4 (full 0):
 PSYoungGen      total 68096K, used 2544K [0x00000000eb300000, 0x00000000ef800000, 0x0000000100000000)
  eden space 65536K, 0% used [0x00000000eb300000,0x00000000eb300000,0x00000000ef300000)
  from space 2560K, 99% used [0x00000000ef580000,0x00000000ef7fc010,0x00000000ef800000)
  to   space 2560K, 0% used [0x00000000ef300000,0x00000000ef300000,0x00000000ef580000)
 ParOldGen       total 44032K, used 8283K [0x00000000c1800000, 0x00000000c4300000, 0x00000000eb300000)
  object space 44032K, 18% used [0x00000000c1800000,0x00000000c2016e18,0x00000000c4300000)
 Metaspace       used 17326K, capacity 17802K, committed 18048K, reserved 1064960K
  class space    used 2265K, capacity 2385K, committed 2432K, reserved 1048576K
}
Event: 3.788 GC heap before
{Heap before GC invocations=5 (full 0):
 PSYoungGen      total 68096K, used 33245K [0x00000000eb300000, 0x00000000ef800000, 0x0000000100000000)
  eden space 65536K, 46% used [0x00000000eb300000,0x00000000ed0fb500,0x00000000ef300000)
  from space 2560K, 99% used [0x00000000ef580000,0x00000000ef7fc010,0x00000000ef800000)
  to   space 2560K, 0% used [0x00000000ef300000,0x00000000ef300000,0x00000000ef580000)
 ParOldGen       total 44032K, used 8283K [0x00000000c1800000, 0x00000000c4300000, 0x00000000eb300000)
  object space 44032K, 18% used [0x00000000c1800000,0x00000000c2016e18,0x00000000c4300000)
 Metaspace       used 20631K, capacity 21214K, committed 21248K, reserved 1067008K
  class space    used 2653K, capacity 2803K, committed 2816K, reserved 1048576K
Event: 3.802 GC heap after
Heap after GC invocations=5 (full 0):
 PSYoungGen      total 68096K, used 2559K [0x00000000eb300000, 0x00000000f4100000, 0x0000000100000000)
  eden space 65536K, 0% used [0x00000000eb300000,0x00000000eb300000,0x00000000ef300000)
  from space 2560K, 99% used [0x00000000ef300000,0x00000000ef57fca8,0x00000000ef580000)
  to   space 7168K, 0% used [0x00000000f3a00000,0x00000000f3a00000,0x00000000f4100000)
 ParOldGen       total 44032K, used 11769K [0x00000000c1800000, 0x00000000c4300000, 0x00000000eb300000)
  object space 44032K, 26% used [0x00000000c1800000,0x00000000c237e628,0x00000000c4300000)
 Metaspace       used 20631K, capacity 21214K, committed 21248K, reserved 1067008K
  class space    used 2653K, capacity 2803K, committed 2816K, reserved 1048576K
}
Event: 3.802 GC heap before
{Heap before GC invocations=6 (full 1):
 PSYoungGen      total 68096K, used 2559K [0x00000000eb300000, 0x00000000f4100000, 0x0000000100000000)
  eden space 65536K, 0% used [0x00000000eb300000,0x00000000eb300000,0x00000000ef300000)
  from space 2560K, 99% used [0x00000000ef300000,0x00000000ef57fca8,0x00000000ef580000)
  to   space 7168K, 0% used [0x00000000f3a00000,0x00000000f3a00000,0x00000000f4100000)
 ParOldGen       total 44032K, used 11769K [0x00000000c1800000, 0x00000000c4300000, 0x00000000eb300000)
  object space 44032K, 26% used [0x00000000c1800000,0x00000000c237e628,0x00000000c4300000)
 Metaspace       used 20631K, capacity 21214K, committed 21248K, reserved 1067008K
  class space    used 2653K, capacity 2803K, committed 2816K, reserved 1048576K
Event: 3.860 GC heap after
Heap after GC invocations=6 (full 1):
 PSYoungGen      total 68096K, used 0K [0x00000000eb300000, 0x00000000f4100000, 0x0000000100000000)
  eden space 65536K, 0% used [0x00000000eb300000,0x00000000eb300000,0x00000000ef300000)
  from space 2560K, 0% used [0x00000000ef300000,0x00000000ef300000,0x00000000ef580000)
  to   space 7168K, 0% used [0x00000000f3a00000,0x00000000f3a00000,0x00000000f4100000)
 ParOldGen       total 35840K, used 7459K [0x00000000c1800000, 0x00000000c3b00000, 0x00000000eb300000)
  object space 35840K, 20% used [0x00000000c1800000,0x00000000c1f48c70,0x00000000c3b00000)
 Metaspace       used 20631K, capacity 21214K, committed 21248K, reserved 1067008K
  class space    used 2653K, capacity 2803K, committed 2816K, reserved 1048576K
}

Deoptimization events (10 events):
Event: 2.982 Thread 0x0000000002bbe000 Uncommon trap: reason=unstable_if action=reinterpret pc=0x00000000030acf14 method=java.net.URL.<init>(Ljava/net/URL;Ljava/lang/String;Ljava/net/URLStreamHandler;)V @ 347
Event: 3.124 Thread 0x0000000002bbe000 Uncommon trap: reason=null_assert action=make_not_entrant pc=0x0000000002ef7fc8 method=java.util.zip.ZipEntry.<init>(Ljava/util/zip/ZipEntry;)V @ 70
Event: 3.173 Thread 0x0000000002bbe000 Uncommon trap: reason=unstable_if action=reinterpret pc=0x0000000002f6e73c method=java.util.HashMap.hash(Ljava/lang/Object;)I @ 1
Event: 3.328 Thread 0x0000000017b85800 Uncommon trap: reason=bimorphic action=maybe_recompile pc=0x0000000002ffeeb4 method=java.util.HashMap.putVal(ILjava/lang/Object;Ljava/lang/Object;ZZ)Ljava/lang/Object; @ 203
Event: 3.343 Thread 0x0000000017b85800 Uncommon trap: reason=bimorphic action=maybe_recompile pc=0x0000000002ffeeb4 method=java.util.HashMap.putVal(ILjava/lang/Object;Ljava/lang/Object;ZZ)Ljava/lang/Object; @ 203
Event: 3.347 Thread 0x0000000017b85800 Uncommon trap: reason=bimorphic action=maybe_recompile pc=0x0000000002ffeeb4 method=java.util.HashMap.putVal(ILjava/lang/Object;Ljava/lang/Object;ZZ)Ljava/lang/Object; @ 203
Event: 4.436 Thread 0x0000000017b85800 Uncommon trap: reason=unstable_if action=reinterpret pc=0x000000000315d224 method=jdk.internal.org.objectweb.asm.Type.getArgumentsAndReturnSizes(Ljava/lang/String;)I @ 47
Event: 4.476 Thread 0x0000000002bbe000 Uncommon trap: reason=unstable_if action=reinterpret pc=0x00000000031aad40 method=org.springframework.boot.context.properties.source.ConfigurationPropertyName$ElementValidator.isValidChar(CI)Z @ 21
Event: 4.491 Thread 0x0000000017b85800 Uncommon trap: reason=unstable_if action=reinterpret pc=0x00000000031acb38 method=java.util.Properties$LineReader.readLine()I @ 200
Event: 4.538 Thread 0x0000000017b85800 Uncommon trap: reason=unstable_if action=reinterpret pc=0x00000000031b6560 method=java.util.Properties$LineReader.readLine()I @ 200

Internal exceptions (10 events):
Event: 3.112 Thread 0x0000000002bbe000 Exception <a 'java/io/FileNotFoundException'> (0x00000000ec838528) thrown at [C:\re\workspace\8-2-build-windows-amd64-cygwin\jdk8u144\9417\hotspot\src\share\vm\prims\jni.cpp, line 709]
Event: 3.173 Thread 0x0000000002bbe000 Implicit null exception at 0x0000000002f6e555 to 0x0000000002f6e72d
Event: 3.460 Thread 0x0000000002bbe000 Exception <a 'java/lang/ClassNotFoundException': java/lang/ObjectCustomizer> (0x00000000ebf12ae0) thrown at [C:\re\workspace\8-2-build-windows-amd64-cygwin\jdk8u144\9417\hotspot\src\share\vm\classfile\systemDictionary.cpp, line 210]
Event: 3.469 Thread 0x0000000002bbe000 Exception <a 'java/lang/ClassNotFoundException': org/springframework/context/annotation/ConfigurationClassPostProcessorCustomizer> (0x00000000ebf33590) thrown at [C:\re\workspace\8-2-build-windows-amd64-cygwin\jdk8u144\9417\hotspot\src\share\vm\classfile\
Event: 3.477 Thread 0x0000000002bbe000 Exception <a 'java/lang/ClassNotFoundException': org/springframework/beans/factory/support/BeanDefinitionRegistryPostProcessorCustomizer> (0x00000000ebf85b40) thrown at [C:\re\workspace\8-2-build-windows-amd64-cygwin\jdk8u144\9417\hotspot\src\share\vm\cla
Event: 3.478 Thread 0x0000000002bbe000 Exception <a 'java/lang/ClassNotFoundException': org/springframework/core/PriorityOrderedCustomizer> (0x00000000ebf9a8c8) thrown at [C:\re\workspace\8-2-build-windows-amd64-cygwin\jdk8u144\9417\hotspot\src\share\vm\classfile\systemDictionary.cpp, line 210
Event: 3.478 Thread 0x0000000002bbe000 Exception <a 'java/lang/ClassNotFoundException': org/springframework/context/ResourceLoaderAwareCustomizer> (0x00000000ebfb0440) thrown at [C:\re\workspace\8-2-build-windows-amd64-cygwin\jdk8u144\9417\hotspot\src\share\vm\classfile\systemDictionary.cpp, l
Event: 3.479 Thread 0x0000000002bbe000 Exception <a 'java/lang/ClassNotFoundException': org/springframework/beans/factory/BeanClassLoaderAwareCustomizer> (0x00000000ebfc8fd8) thrown at [C:\re\workspace\8-2-build-windows-amd64-cygwin\jdk8u144\9417\hotspot\src\share\vm\classfile\systemDictionary
Event: 3.483 Thread 0x0000000002bbe000 Exception <a 'java/lang/ClassNotFoundException': org/springframework/context/EnvironmentAwareCustomizer> (0x00000000ec0769c8) thrown at [C:\re\workspace\8-2-build-windows-amd64-cygwin\jdk8u144\9417\hotspot\src\share\vm\classfile\systemDictionary.cpp, line
Event: 4.453 Thread 0x0000000017b85800 Exception <a 'java/lang/IncompatibleClassChangeError': Found class java.lang.Object, but interface was expected> (0x00000000ed0d43d0) thrown at [C:\re\workspace\8-2-build-windows-amd64-cygwin\jdk8u144\9417\hotspot\src\share\vm\interpreter\linkResolver.cpp

Events (10 events):
Event: 5.154 loading class groovy/text$TemplateEngine
Event: 5.154 loading class groovy/text$TemplateEngine done
Event: 5.155 loading class org/thymeleaf/spring5/SpringTemplateEngine
Event: 5.155 loading class org/thymeleaf/spring5/SpringTemplateEngine done
Event: 5.160 loading class org/thymeleaf/spring5$SpringTemplateEngine
Event: 5.160 loading class org/thymeleaf/spring5$SpringTemplateEngine done
Event: 5.161 loading class org/apache/jasper/compiler/JspConfig
Event: 5.161 loading class org/apache/jasper/compiler/JspConfig done
Event: 5.161 loading class org/apache/jasper/compiler$JspConfig
Event: 5.161 loading class org/apache/jasper/compiler$JspConfig done


Dynamic libraries:
0x00007ff6cab40000 - 0x00007ff6cab77000 	C:\Program Files\Java\jdk1.8.0_144\jre\bin\java.exe
0x00007ffab74e0000 - 0x00007ffab768d000 	C:\windows\SYSTEM32\ntdll.dll
0x00007ffab5d00000 - 0x00007ffab5e3e000 	C:\windows\system32\KERNEL32.DLL
0x00007ffab4a50000 - 0x00007ffab4b66000 	C:\windows\system32\KERNELBASE.dll
0x00007ffab2ee0000 - 0x00007ffab2f6e000 	C:\windows\system32\apphelp.dll
0x00007ffa9a920000 - 0x00007ffa9a973000 	C:\windows\AppPatch\AppPatch64\AcGenral.DLL
0x00007ffab5090000 - 0x00007ffab513a000 	C:\windows\system32\msvcrt.dll
0x00007ffab4910000 - 0x00007ffab493e000 	C:\windows\system32\SspiCli.dll
0x00007ffab7370000 - 0x00007ffab73c4000 	C:\windows\system32\SHLWAPI.dll
0x00007ffab4bc0000 - 0x00007ffab4d37000 	C:\windows\system32\USER32.dll
0x00007ffab5b60000 - 0x00007ffab5cf4000 	C:\windows\system32\ole32.dll
0x00007ffab5e40000 - 0x00007ffab736c000 	C:\windows\system32\SHELL32.dll
0x00007ffab3c40000 - 0x00007ffab3c61000 	C:\windows\SYSTEM32\USERENV.dll
0x00007ffab73d0000 - 0x00007ffab747a000 	C:\windows\system32\ADVAPI32.dll
0x00007ffa95680000 - 0x00007ffa9569e000 	C:\windows\SYSTEM32\MPR.dll
0x00007ffab5540000 - 0x00007ffab5680000 	C:\windows\system32\RPCRT4.dll
0x00007ffab5a40000 - 0x00007ffab5a99000 	C:\windows\SYSTEM32\sechost.dll
0x00007ffab56e0000 - 0x00007ffab58f2000 	C:\windows\SYSTEM32\combase.dll
0x00007ffab4f30000 - 0x00007ffab507b000 	C:\windows\system32\GDI32.dll
0x00007ffab4610000 - 0x00007ffab4625000 	C:\windows\SYSTEM32\profapi.dll
0x00007ffab2850000 - 0x00007ffab2902000 	C:\windows\SYSTEM32\SHCORE.dll
0x00007ffab4b70000 - 0x00007ffab4ba6000 	C:\windows\system32\IMM32.DLL
0x00007ffab5310000 - 0x00007ffab5461000 	C:\windows\system32\MSCTF.dll
0x00007ffab2220000 - 0x00007ffab249b000 	C:\windows\WinSxS\amd64_microsoft.windows.common-controls_6595b64144ccf1df_6.0.9600.18006_none_623f33d3ecbe86e8\COMCTL32.dll
0x000000005e820000 - 0x000000005e8f2000 	C:\Program Files\Java\jdk1.8.0_144\jre\bin\msvcr100.dll
0x000000005df80000 - 0x000000005e81d000 	C:\Program Files\Java\jdk1.8.0_144\jre\bin\server\jvm.dll
0x00007ffaa90a0000 - 0x00007ffaa90a9000 	C:\windows\SYSTEM32\WSOCK32.dll
0x00007ffab0d50000 - 0x00007ffab0d72000 	C:\windows\SYSTEM32\WINMM.dll
0x00007ffab3a80000 - 0x00007ffab3a8a000 	C:\windows\SYSTEM32\VERSION.dll
0x00007ffab4bb0000 - 0x00007ffab4bb7000 	C:\windows\system32\PSAPI.DLL
0x00007ffab5680000 - 0x00007ffab56da000 	C:\windows\system32\WS2_32.dll
0x00007ffab08e0000 - 0x00007ffab090a000 	C:\windows\SYSTEM32\WINMMBASE.dll
0x00007ffab5a30000 - 0x00007ffab5a39000 	C:\windows\system32\NSI.dll
0x00007ffab46e0000 - 0x00007ffab472f000 	C:\windows\SYSTEM32\cfgmgr32.dll
0x00007ffab3130000 - 0x00007ffab3158000 	C:\windows\SYSTEM32\DEVOBJ.dll
0x000000005eb90000 - 0x000000005eb9f000 	C:\Program Files\Java\jdk1.8.0_144\jre\bin\verify.dll
0x000000005eb60000 - 0x000000005eb89000 	C:\Program Files\Java\jdk1.8.0_144\jre\bin\java.dll
0x000000005eb40000 - 0x000000005eb56000 	C:\Program Files\Java\jdk1.8.0_144\jre\bin\zip.dll
0x000000005df30000 - 0x000000005df3d000 	C:\Program Files\Java\jdk1.8.0_144\jre\bin\management.dll
0x000000005df60000 - 0x000000005df7a000 	C:\Program Files\Java\jdk1.8.0_144\jre\bin\net.dll
0x0000000180000000 - 0x000000018006d000 	C:\windows\system32\LavasoftTcpService64.dll
0x00007ffab3e20000 - 0x00007ffab3e79000 	C:\windows\SYSTEM32\MSWSOCK.dll
0x00007ffab33d0000 - 0x00007ffab33fa000 	C:\windows\SYSTEM32\IPHLPAPI.DLL
0x00007ffab5470000 - 0x00007ffab5536000 	C:\windows\system32\OLEAUT32.dll
0x00007ffab33c0000 - 0x00007ffab33ca000 	C:\windows\SYSTEM32\WINNSI.DLL
0x000000005df40000 - 0x000000005df51000 	C:\Program Files\Java\jdk1.8.0_144\jre\bin\nio.dll
0x00007ffab3180000 - 0x00007ffab318b000 	C:\windows\SYSTEM32\kernel.appcore.dll
0x00007ffab4580000 - 0x00007ffab458b000 	C:\windows\SYSTEM32\CRYPTBASE.dll
0x00007ffab4410000 - 0x00007ffab4473000 	C:\windows\SYSTEM32\bcryptPrimitives.dll
0x00007ffab2fb0000 - 0x00007ffab30d9000 	C:\windows\system32\uxtheme.dll
0x00007ffaac7e0000 - 0x00007ffaac8b9000 	c:\Program Files\Hewlett-Packard\HP ProtectTools Security Manager\Bin\DpoFeedb.dll
0x00007ffaa2160000 - 0x00007ffaa2175000 	C:\windows\system32\napinsp.dll
0x00007ffaa2140000 - 0x00007ffaa215a000 	C:\windows\system32\pnrpnsp.dll
0x00007ffab06f0000 - 0x00007ffab070b000 	C:\windows\system32\NLAapi.dll
0x00007ffab3ae0000 - 0x00007ffab3b84000 	C:\windows\SYSTEM32\DNSAPI.dll
0x00007ffaa2130000 - 0x00007ffaa213d000 	C:\windows\System32\winrnr.dll
0x00007ffaa2110000 - 0x00007ffaa2124000 	C:\windows\system32\wshbth.dll
0x000000005fc70000 - 0x000000005fc96000 	C:\Program Files\Bonjour\mdnsNSP.dll
0x00007ffaa8330000 - 0x00007ffaa833a000 	C:\Windows\System32\rasadhlp.dll
0x00007ffaadd00000 - 0x00007ffaadd6b000 	C:\windows\System32\fwpuclnt.dll

VM Arguments:
java_command: C:\Users\840\AppData\Local\Temp\surefire1946331141478147378\surefirebooter7629235488428573977.jar C:\Users\840\AppData\Local\Temp\surefire1946331141478147378 2018-07-22T12-11-15_595-jvmRun1 surefire8271930726272749577tmp surefire_04064140960011927359tmp
java_class_path (initial): C:\Users\840\AppData\Local\Temp\surefire1946331141478147378\surefirebooter7629235488428573977.jar
Launcher Type: SUN_STANDARD

Environment Variables:
JAVA_HOME=C:\Program Files\Java\jdk1.8.0_144
PATH=c:\Program Files (x86)\Intel\iCLS Client\;c:\Program Files\Intel\iCLS Client\;C:\windows\system32;C:\windows;C:\windows\System32\Wbem;C:\windows\System32\WindowsPowerShell\v1.0\;c:\Program Files\Intel\WiFi\bin\;c:\Program Files\Common Files\Intel\WirelessCommon\;C:\Program Files\Intel\Intel(R) Management Engine Components\DAL;C:\Program Files\Intel\Intel(R) Management Engine Components\IPT;C:\Program Files (x86)\Intel\Intel(R) Management Engine Components\DAL;C:\Program Files (x86)\Intel\Intel(R) Management Engine Components\IPT; C:\Program Files (x86)\Texmaker\texmaker.exe;C:\Program Files\Microsoft SQL Server\130\Tools\Binn\;C:\Program Files (x86)\Skype\Phone\;C:\Program Files (x86)\Windows Kits\10\Windows Performance Toolkit\;C:\Users\840\.dnx\bin;C:\Program Files\Microsoft DNX\Dnvm\;C:\mehenna\tools\apache-maven-3.5.3\bin;C:\Program Files\nodejs\;C:\mehenna\tools\springCLI-2.0.3.RELEASE\bin;C:\Program Files\Git\cmd;C:\ProgramData\chocolatey\bin;C:\Program Files\Java\jdk1.8.0_144\bin;C:\Users\840\AppData\Local\Programs\Python\Python35\Scripts\;C:\Users\840\AppData\Local\Programs\Python\Python35\;C:\Users\840\Anaconda3;C:\Users\840\Anaconda3\Scripts;C:\Users\840\Anaconda3\Library\bin;c:\mingw\bin;C:\MinGW\msys\1.0\bin;C:\Users\840\AppData\Roaming\npm
USERNAME=840
OS=Windows_NT
PROCESSOR_IDENTIFIER=Intel64 Family 6 Model 69 Stepping 1, GenuineIntel



---------------  S Y S T E M  ---------------

OS: Windows 8.1 , 64 bit Build 9600 (6.3.9600.17415)

CPU:total 4 (initial active 4) (2 cores per cpu, 2 threads per core) family 6 model 69 stepping 1, cmov, cx8, fxsr, mmx, sse, sse2, sse3, ssse3, sse4.1, sse4.2, popcnt, avx, avx2, aes, clmul, erms, lzcnt, ht, tsc, tscinvbit, bmi1, bmi2

Memory: 4k page, physical 4088940k(168632k free), swap 16671852k(5320k free)

vm_info: Java HotSpot(TM) 64-Bit Server VM (25.144-b01) for windows-amd64 JRE (1.8.0_144-b01), built on Jul 21 2017 21:57:33 by "java_re" with MS VC++ 10.0 (VS2010)

time: Sun Jul 22 12:11:21 2018
elapsed time: 5 seconds (0d 0h 0m 5s)

