#
# There is insufficient memory for the Java Runtime Environment to continue.
# Native memory allocation (malloc) failed to allocate 131088 bytes for Chunk::new
# Possible reasons:
#   The system is out of physical RAM or swap space
#   In 32 bit mode, the process size limit was hit
# Possible solutions:
#   Reduce memory load on the system
#   Increase physical memory or swap space
#   Check if swap backing store is full
#   Use 64 bit Java on a 64 bit OS
#   Decrease Java heap size (-Xmx/-Xms)
#   Decrease number of Java threads
#   Decrease Java thread stack sizes (-Xss)
#   Set larger code cache with -XX:ReservedCodeCacheSize=
# This output file may be truncated or incomplete.
#
#  Out of Memory Error (allocation.cpp:390), pid=12468, tid=0x00000000000015c4
#
# JRE version: Java(TM) SE Runtime Environment (8.0_144-b01) (build 1.8.0_144-b01)
# Java VM: Java HotSpot(TM) 64-Bit Server VM (25.144-b01 mixed mode windows-amd64 compressed oops)
# Failed to write core dump. Minidumps are not enabled by default on client versions of Windows
#

---------------  T H R E A D  ---------------

Current thread (0x0000000014fd7800):  JavaThread "C2 CompilerThread1" daemon [_thread_in_native, id=5572, stack(0x0000000016700000,0x0000000016800000)]

Stack: [0x0000000016700000,0x0000000016800000]
[error occurred during error reporting (printing stack bounds), id 0xc0000005]

Native frames: (J=compiled Java code, j=interpreted, Vv=VM code, C=native code)


Current CompileTask:
C2:   3794 1681   !   4       java.net.URLClassLoader$1::run (63 bytes)


---------------  P R O C E S S  ---------------

Java Threads: ( => current thread )
  0x0000000017869000 JavaThread "background-preinit" [_thread_in_vm, id=11472, stack(0x00000000198a0000,0x00000000199a0000)]
  0x0000000016a6b800 JavaThread "surefire-forkedjvm-ping-30s" daemon [_thread_blocked, id=14816, stack(0x0000000017000000,0x0000000017100000)]
  0x0000000016a5c000 JavaThread "surefire-forkedjvm-command-thread" daemon [_thread_in_native, id=9660, stack(0x0000000016f00000,0x0000000017000000)]
  0x000000001502d800 JavaThread "Service Thread" daemon [_thread_blocked, id=15448, stack(0x0000000016d00000,0x0000000016e00000)]
  0x0000000014fda800 JavaThread "C1 CompilerThread2" daemon [_thread_blocked, id=9724, stack(0x0000000016800000,0x0000000016900000)]
=>0x0000000014fd7800 JavaThread "C2 CompilerThread1" daemon [_thread_in_native, id=5572, stack(0x0000000016700000,0x0000000016800000)]
  0x0000000014fd1800 JavaThread "C2 CompilerThread0" daemon [_thread_in_native, id=12796, stack(0x0000000016600000,0x0000000016700000)]
  0x0000000014fcf800 JavaThread "Attach Listener" daemon [_thread_blocked, id=13148, stack(0x0000000016500000,0x0000000016600000)]
  0x0000000014fce800 JavaThread "Signal Dispatcher" daemon [_thread_blocked, id=17192, stack(0x0000000016400000,0x0000000016500000)]
  0x00000000029da800 JavaThread "Finalizer" daemon [_thread_blocked, id=15420, stack(0x0000000016220000,0x0000000016320000)]
  0x00000000029d1000 JavaThread "Reference Handler" daemon [_thread_blocked, id=14484, stack(0x0000000016120000,0x0000000016220000)]
  0x00000000028de000 JavaThread "main" [_thread_in_Java, id=16068, stack(0x0000000002730000,0x0000000002830000)]

Other Threads:
  0x0000000014f97000 VMThread [stack: 0x0000000016020000,0x0000000016120000] [id=13316]
  0x000000001695d800 WatcherThread [stack: 0x0000000016e00000,0x0000000016f00000] [id=17116]

VM state:not at safepoint (normal execution)

VM Mutex/Monitor currently owned by a thread: None

Heap:
 PSYoungGen      total 68096K, used 19066K [0x00000000eb300000, 0x00000000f4100000, 0x0000000100000000)
  eden space 65536K, 29% used [0x00000000eb300000,0x00000000ec59e888,0x00000000ef300000)
  from space 2560K, 0% used [0x00000000ef300000,0x00000000ef300000,0x00000000ef580000)
  to   space 7168K, 0% used [0x00000000f3a00000,0x00000000f3a00000,0x00000000f4100000)
 ParOldGen       total 38400K, used 9897K [0x00000000c1800000, 0x00000000c3d80000, 0x00000000eb300000)
  object space 38400K, 25% used [0x00000000c1800000,0x00000000c21aa7a0,0x00000000c3d80000)
 Metaspace       used 22301K, capacity 22938K, committed 23040K, reserved 1069056K
  class space    used 2849K, capacity 3007K, committed 3072K, reserved 1048576K

Card table byte_map: [0x0000000011da0000,0x0000000011fa0000] byte_map_base: 0x0000000011794000

Marking Bits: (ParMarkBitMap*) 0x000000005e79d850
 Begin Bits: [0x00000000124f0000, 0x0000000013490000)
 End Bits:   [0x0000000013490000, 0x0000000014430000)

Polling page: 0x0000000000e50000

CodeCache: size=245760Kb used=5830Kb max_used=5830Kb free=239929Kb
 bounds [0x00000000029e0000, 0x0000000002fa0000, 0x00000000119e0000]
 total_blobs=2077 nmethods=1696 adapters=293
 compilation: enabled

Compilation events (10 events):
Event: 3.774 Thread 0x0000000014fda800 1695       1       java.lang.reflect.AccessibleObject::isAccessible (5 bytes)
Event: 3.774 Thread 0x0000000014fda800 nmethod 1695 0x0000000002f8df90 code [0x0000000002f8e0e0, 0x0000000002f8e1f0]
Event: 3.774 Thread 0x0000000014fda800 1696       3       org.springframework.core.annotation.AnnotationAwareOrderComparator::findOrder (135 bytes)
Event: 3.776 Thread 0x0000000014fda800 nmethod 1696 0x0000000002f8e250 code [0x0000000002f8e5c0, 0x0000000002f90698]
Event: 3.777 Thread 0x0000000014fda800 1697       3       org.springframework.util.LinkedMultiValueMap::get (6 bytes)
Event: 3.777 Thread 0x0000000014fda800 nmethod 1697 0x0000000002f912d0 code [0x0000000002f91440, 0x0000000002f917c8]
Event: 3.779 Thread 0x0000000014fda800 1699   !   3       org.springframework.context.annotation.ConfigurationClassParser::asSourceClass (99 bytes)
Event: 3.780 Thread 0x0000000014fda800 nmethod 1699 0x0000000002f91910 code [0x0000000002f91ba0, 0x0000000002f92af8]
Event: 3.790 Thread 0x0000000014fda800 1700   !   3       com.sun.proxy.$Proxy36::annotationType (29 bytes)
Event: 3.791 Thread 0x0000000014fda800 nmethod 1700 0x0000000002f93250 code [0x0000000002f933e0, 0x0000000002f93818]

GC Heap History (10 events):
Event: 1.486 GC heap before
{Heap before GC invocations=2 (full 0):
 PSYoungGen      total 18944K, used 18937K [0x00000000eb300000, 0x00000000ed800000, 0x0000000100000000)
  eden space 16384K, 100% used [0x00000000eb300000,0x00000000ec300000,0x00000000ec300000)
  from space 2560K, 99% used [0x00000000ec300000,0x00000000ec57e740,0x00000000ec580000)
  to   space 2560K, 0% used [0x00000000ed580000,0x00000000ed580000,0x00000000ed800000)
 ParOldGen       total 44032K, used 818K [0x00000000c1800000, 0x00000000c4300000, 0x00000000eb300000)
  object space 44032K, 1% used [0x00000000c1800000,0x00000000c18ccaf8,0x00000000c4300000)
 Metaspace       used 10530K, capacity 10780K, committed 10880K, reserved 1058816K
  class space    used 1245K, capacity 1336K, committed 1408K, reserved 1048576K
Event: 1.496 GC heap after
Heap after GC invocations=2 (full 0):
 PSYoungGen      total 35328K, used 2531K [0x00000000eb300000, 0x00000000ed800000, 0x0000000100000000)
  eden space 32768K, 0% used [0x00000000eb300000,0x00000000eb300000,0x00000000ed300000)
  from space 2560K, 98% used [0x00000000ed580000,0x00000000ed7f8ce0,0x00000000ed800000)
  to   space 2560K, 0% used [0x00000000ed300000,0x00000000ed300000,0x00000000ed580000)
 ParOldGen       total 44032K, used 2113K [0x00000000c1800000, 0x00000000c4300000, 0x00000000eb300000)
  object space 44032K, 4% used [0x00000000c1800000,0x00000000c1a10520,0x00000000c4300000)
 Metaspace       used 10530K, capacity 10780K, committed 10880K, reserved 1058816K
  class space    used 1245K, capacity 1336K, committed 1408K, reserved 1048576K
}
Event: 2.364 GC heap before
{Heap before GC invocations=3 (full 0):
 PSYoungGen      total 35328K, used 35299K [0x00000000eb300000, 0x00000000ed800000, 0x0000000100000000)
  eden space 32768K, 100% used [0x00000000eb300000,0x00000000ed300000,0x00000000ed300000)
  from space 2560K, 98% used [0x00000000ed580000,0x00000000ed7f8ce0,0x00000000ed800000)
  to   space 2560K, 0% used [0x00000000ed300000,0x00000000ed300000,0x00000000ed580000)
 ParOldGen       total 44032K, used 2113K [0x00000000c1800000, 0x00000000c4300000, 0x00000000eb300000)
  object space 44032K, 4% used [0x00000000c1800000,0x00000000c1a10520,0x00000000c4300000)
 Metaspace       used 15093K, capacity 15544K, committed 15616K, reserved 1062912K
  class space    used 1861K, capacity 1982K, committed 2048K, reserved 1048576K
Event: 2.402 GC heap after
Heap after GC invocations=3 (full 0):
 PSYoungGen      total 35328K, used 2544K [0x00000000eb300000, 0x00000000ef800000, 0x0000000100000000)
  eden space 32768K, 0% used [0x00000000eb300000,0x00000000eb300000,0x00000000ed300000)
  from space 2560K, 99% used [0x00000000ed300000,0x00000000ed57c010,0x00000000ed580000)
  to   space 2560K, 0% used [0x00000000ef580000,0x00000000ef580000,0x00000000ef800000)
 ParOldGen       total 44032K, used 5494K [0x00000000c1800000, 0x00000000c4300000, 0x00000000eb300000)
  object space 44032K, 12% used [0x00000000c1800000,0x00000000c1d5d8e0,0x00000000c4300000)
 Metaspace       used 15093K, capacity 15544K, committed 15616K, reserved 1062912K
  class space    used 1861K, capacity 1982K, committed 2048K, reserved 1048576K
}
Event: 2.791 GC heap before
{Heap before GC invocations=4 (full 0):
 PSYoungGen      total 35328K, used 35312K [0x00000000eb300000, 0x00000000ef800000, 0x0000000100000000)
  eden space 32768K, 100% used [0x00000000eb300000,0x00000000ed300000,0x00000000ed300000)
  from space 2560K, 99% used [0x00000000ed300000,0x00000000ed57c010,0x00000000ed580000)
  to   space 2560K, 0% used [0x00000000ef580000,0x00000000ef580000,0x00000000ef800000)
 ParOldGen       total 44032K, used 5494K [0x00000000c1800000, 0x00000000c4300000, 0x00000000eb300000)
  object space 44032K, 12% used [0x00000000c1800000,0x00000000c1d5d8e0,0x00000000c4300000)
 Metaspace       used 17483K, capacity 18058K, committed 18432K, reserved 1064960K
  class space    used 2280K, capacity 2449K, committed 2560K, reserved 1048576K
Event: 2.803 GC heap after
Heap after GC invocations=4 (full 0):
 PSYoungGen      total 68096K, used 2528K [0x00000000eb300000, 0x00000000ef800000, 0x0000000100000000)
  eden space 65536K, 0% used [0x00000000eb300000,0x00000000eb300000,0x00000000ef300000)
  from space 2560K, 98% used [0x00000000ef580000,0x00000000ef7f8040,0x00000000ef800000)
  to   space 2560K, 0% used [0x00000000ef300000,0x00000000ef300000,0x00000000ef580000)
 ParOldGen       total 44032K, used 8392K [0x00000000c1800000, 0x00000000c4300000, 0x00000000eb300000)
  object space 44032K, 19% used [0x00000000c1800000,0x00000000c2032268,0x00000000c4300000)
 Metaspace       used 17483K, capacity 18058K, committed 18432K, reserved 1064960K
  class space    used 2280K, capacity 2449K, committed 2560K, reserved 1048576K
}
Event: 3.300 GC heap before
{Heap before GC invocations=5 (full 0):
 PSYoungGen      total 68096K, used 32502K [0x00000000eb300000, 0x00000000ef800000, 0x0000000100000000)
  eden space 65536K, 45% used [0x00000000eb300000,0x00000000ed0459c0,0x00000000ef300000)
  from space 2560K, 98% used [0x00000000ef580000,0x00000000ef7f8040,0x00000000ef800000)
  to   space 2560K, 0% used [0x00000000ef300000,0x00000000ef300000,0x00000000ef580000)
 ParOldGen       total 44032K, used 8392K [0x00000000c1800000, 0x00000000c4300000, 0x00000000eb300000)
  object space 44032K, 19% used [0x00000000c1800000,0x00000000c2032268,0x00000000c4300000)
 Metaspace       used 20647K, capacity 21214K, committed 21248K, reserved 1067008K
  class space    used 2656K, capacity 2803K, committed 2816K, reserved 1048576K
Event: 3.315 GC heap after
Heap after GC invocations=5 (full 0):
 PSYoungGen      total 68096K, used 2549K [0x00000000eb300000, 0x00000000f4100000, 0x0000000100000000)
  eden space 65536K, 0% used [0x00000000eb300000,0x00000000eb300000,0x00000000ef300000)
  from space 2560K, 99% used [0x00000000ef300000,0x00000000ef57d608,0x00000000ef580000)
  to   space 7168K, 0% used [0x00000000f3a00000,0x00000000f3a00000,0x00000000f4100000)
 ParOldGen       total 44032K, used 11863K [0x00000000c1800000, 0x00000000c4300000, 0x00000000eb300000)
  object space 44032K, 26% used [0x00000000c1800000,0x00000000c2395e00,0x00000000c4300000)
 Metaspace       used 20647K, capacity 21214K, committed 21248K, reserved 1067008K
  class space    used 2656K, capacity 2803K, committed 2816K, reserved 1048576K
}
Event: 3.315 GC heap before
{Heap before GC invocations=6 (full 1):
 PSYoungGen      total 68096K, used 2549K [0x00000000eb300000, 0x00000000f4100000, 0x0000000100000000)
  eden space 65536K, 0% used [0x00000000eb300000,0x00000000eb300000,0x00000000ef300000)
  from space 2560K, 99% used [0x00000000ef300000,0x00000000ef57d608,0x00000000ef580000)
  to   space 7168K, 0% used [0x00000000f3a00000,0x00000000f3a00000,0x00000000f4100000)
 ParOldGen       total 44032K, used 11863K [0x00000000c1800000, 0x00000000c4300000, 0x00000000eb300000)
  object space 44032K, 26% used [0x00000000c1800000,0x00000000c2395e00,0x00000000c4300000)
 Metaspace       used 20647K, capacity 21214K, committed 21248K, reserved 1067008K
  class space    used 2656K, capacity 2803K, committed 2816K, reserved 1048576K
Event: 3.379 GC heap after
Heap after GC invocations=6 (full 1):
 PSYoungGen      total 68096K, used 0K [0x00000000eb300000, 0x00000000f4100000, 0x0000000100000000)
  eden space 65536K, 0% used [0x00000000eb300000,0x00000000eb300000,0x00000000ef300000)
  from space 2560K, 0% used [0x00000000ef300000,0x00000000ef300000,0x00000000ef580000)
  to   space 7168K, 0% used [0x00000000f3a00000,0x00000000f3a00000,0x00000000f4100000)
 ParOldGen       total 38400K, used 9897K [0x00000000c1800000, 0x00000000c3d80000, 0x00000000eb300000)
  object space 38400K, 25% used [0x00000000c1800000,0x00000000c21aa7a0,0x00000000c3d80000)
 Metaspace       used 20647K, capacity 21214K, committed 21248K, reserved 1067008K
  class space    used 2656K, capacity 2803K, committed 2816K, reserved 1048576K
}

Deoptimization events (10 events):
Event: 1.665 Thread 0x00000000028de000 Uncommon trap: reason=unstable_if action=reinterpret pc=0x0000000002d120fc method=java.util.HashMap.hash(Ljava/lang/Object;)I @ 1
Event: 1.666 Thread 0x00000000028de000 Uncommon trap: reason=unstable_if action=reinterpret pc=0x0000000002d04ba8 method=java.util.HashMap.hash(Ljava/lang/Object;)I @ 1
Event: 2.306 Thread 0x00000000028de000 Uncommon trap: reason=predicate action=maybe_recompile pc=0x0000000002d76ce8 method=java.lang.String.regionMatches(ZILjava/lang/String;II)Z @ 63
Event: 2.344 Thread 0x00000000028de000 Uncommon trap: reason=unstable_if action=reinterpret pc=0x0000000002dd3eec method=java.util.concurrent.ConcurrentHashMap.addCount(JI)V @ 168
Event: 2.540 Thread 0x00000000028de000 Uncommon trap: reason=unstable_if action=reinterpret pc=0x0000000002dce6cc method=java.net.URL.<init>(Ljava/net/URL;Ljava/lang/String;Ljava/net/URLStreamHandler;)V @ 347
Event: 2.658 Thread 0x00000000028de000 Uncommon trap: reason=null_assert action=make_not_entrant pc=0x0000000002c15fac method=java.util.zip.ZipEntry.<init>(Ljava/util/zip/ZipEntry;)V @ 70
Event: 2.700 Thread 0x00000000028de000 Uncommon trap: reason=unstable_if action=reinterpret pc=0x0000000002c851fc method=java.util.HashMap.hash(Ljava/lang/Object;)I @ 1
Event: 2.902 Thread 0x0000000017869000 Uncommon trap: reason=bimorphic action=maybe_recompile pc=0x0000000002d18b10 method=java.util.HashMap.putVal(ILjava/lang/Object;Ljava/lang/Object;ZZ)Ljava/lang/Object; @ 203
Event: 2.912 Thread 0x0000000017869000 Uncommon trap: reason=bimorphic action=maybe_recompile pc=0x0000000002d18b10 method=java.util.HashMap.putVal(ILjava/lang/Object;Ljava/lang/Object;ZZ)Ljava/lang/Object; @ 203
Event: 2.915 Thread 0x0000000017869000 Uncommon trap: reason=bimorphic action=maybe_recompile pc=0x0000000002d18b10 method=java.util.HashMap.putVal(ILjava/lang/Object;Ljava/lang/Object;ZZ)Ljava/lang/Object; @ 203

Internal exceptions (10 events):
Event: 2.633 Thread 0x00000000028de000 Exception <a 'java/lang/NoClassDefFoundError': org/springframework/jdbc/CannotGetJdbcConnectionException> (0x00000000ec4bb268) thrown at [C:\re\workspace\8-2-build-windows-amd64-cygwin\jdk8u144\9417\hotspot\src\share\vm\classfile\systemDictionary.cpp, lin
Event: 2.650 Thread 0x00000000028de000 Exception <a 'java/io/FileNotFoundException'> (0x00000000ec6a4d88) thrown at [C:\re\workspace\8-2-build-windows-amd64-cygwin\jdk8u144\9417\hotspot\src\share\vm\prims\jni.cpp, line 709]
Event: 2.700 Thread 0x00000000028de000 Implicit null exception at 0x0000000002c85015 to 0x0000000002c851ed
Event: 2.915 Thread 0x00000000028de000 Exception <a 'java/lang/ClassNotFoundException': java/lang/ObjectCustomizer> (0x00000000ebbba4d0) thrown at [C:\re\workspace\8-2-build-windows-amd64-cygwin\jdk8u144\9417\hotspot\src\share\vm\classfile\systemDictionary.cpp, line 210]
Event: 2.920 Thread 0x00000000028de000 Exception <a 'java/lang/ClassNotFoundException': org/springframework/context/annotation/ConfigurationClassPostProcessorCustomizer> (0x00000000ebbdaf80) thrown at [C:\re\workspace\8-2-build-windows-amd64-cygwin\jdk8u144\9417\hotspot\src\share\vm\classfile\
Event: 2.933 Thread 0x00000000028de000 Exception <a 'java/lang/ClassNotFoundException': org/springframework/beans/factory/support/BeanDefinitionRegistryPostProcessorCustomizer> (0x00000000ebc2ccd8) thrown at [C:\re\workspace\8-2-build-windows-amd64-cygwin\jdk8u144\9417\hotspot\src\share\vm\cla
Event: 2.937 Thread 0x00000000028de000 Exception <a 'java/lang/ClassNotFoundException': org/springframework/core/PriorityOrderedCustomizer> (0x00000000ebc41a60) thrown at [C:\re\workspace\8-2-build-windows-amd64-cygwin\jdk8u144\9417\hotspot\src\share\vm\classfile\systemDictionary.cpp, line 210
Event: 2.938 Thread 0x00000000028de000 Exception <a 'java/lang/ClassNotFoundException': org/springframework/context/ResourceLoaderAwareCustomizer> (0x00000000ebd7df00) thrown at [C:\re\workspace\8-2-build-windows-amd64-cygwin\jdk8u144\9417\hotspot\src\share\vm\classfile\systemDictionary.cpp, l
Event: 2.939 Thread 0x00000000028de000 Exception <a 'java/lang/ClassNotFoundException': org/springframework/beans/factory/BeanClassLoaderAwareCustomizer> (0x00000000ebd96a98) thrown at [C:\re\workspace\8-2-build-windows-amd64-cygwin\jdk8u144\9417\hotspot\src\share\vm\classfile\systemDictionary
Event: 2.939 Thread 0x00000000028de000 Exception <a 'java/lang/ClassNotFoundException': org/springframework/context/EnvironmentAwareCustomizer> (0x00000000ebdacd78) thrown at [C:\re\workspace\8-2-build-windows-amd64-cygwin\jdk8u144\9417\hotspot\src\share\vm\classfile\systemDictionary.cpp, line

Events (10 events):
Event: 3.755 loading class com/fasterxml/jackson/databind/KeyDeserializer
Event: 3.755 loading class com/fasterxml/jackson/databind/KeyDeserializer done
Event: 3.757 loading class com/fasterxml/jackson/databind/deser/std/StdKeyDeserializer$DelegatingKD
Event: 3.757 loading class com/fasterxml/jackson/databind/deser/std/StdKeyDeserializer$DelegatingKD done
Event: 3.757 loading class com/fasterxml/jackson/databind/deser/std/StdKeyDeserializer
Event: 3.757 loading class com/fasterxml/jackson/databind/deser/std/StdKeyDeserializer done
Event: 3.787 loading class org/springframework/boot/autoconfigure/web/ConditionalOnEnabledResourceChain
Event: 3.787 loading class org/springframework/boot/autoconfigure/web/ConditionalOnEnabledResourceChain done
Event: 3.789 loading class org/springframework/boot/autoconfigure/web/OnEnabledResourceChainCondition
Event: 3.789 loading class org/springframework/boot/autoconfigure/web/OnEnabledResourceChainCondition done


Dynamic libraries:
0x00007ff6cab40000 - 0x00007ff6cab77000 	C:\Program Files\Java\jdk1.8.0_144\jre\bin\java.exe
0x00007ffab74e0000 - 0x00007ffab768d000 	C:\windows\SYSTEM32\ntdll.dll
0x00007ffab5d00000 - 0x00007ffab5e3e000 	C:\windows\system32\KERNEL32.DLL
0x00007ffab4a50000 - 0x00007ffab4b66000 	C:\windows\system32\KERNELBASE.dll
0x00007ffab2ee0000 - 0x00007ffab2f6e000 	C:\windows\system32\apphelp.dll
0x00007ffa9a920000 - 0x00007ffa9a973000 	C:\windows\AppPatch\AppPatch64\AcGenral.DLL
0x00007ffab5090000 - 0x00007ffab513a000 	C:\windows\system32\msvcrt.dll
0x00007ffab4910000 - 0x00007ffab493e000 	C:\windows\system32\SspiCli.dll
0x00007ffab7370000 - 0x00007ffab73c4000 	C:\windows\system32\SHLWAPI.dll
0x00007ffab4bc0000 - 0x00007ffab4d37000 	C:\windows\system32\USER32.dll
0x00007ffab5b60000 - 0x00007ffab5cf4000 	C:\windows\system32\ole32.dll
0x00007ffab5e40000 - 0x00007ffab736c000 	C:\windows\system32\SHELL32.dll
0x00007ffab3c40000 - 0x00007ffab3c61000 	C:\windows\SYSTEM32\USERENV.dll
0x00007ffab73d0000 - 0x00007ffab747a000 	C:\windows\system32\ADVAPI32.dll
0x00007ffa95680000 - 0x00007ffa9569e000 	C:\windows\SYSTEM32\MPR.dll
0x00007ffab5540000 - 0x00007ffab5680000 	C:\windows\system32\RPCRT4.dll
0x00007ffab5a40000 - 0x00007ffab5a99000 	C:\windows\SYSTEM32\sechost.dll
0x00007ffab56e0000 - 0x00007ffab58f2000 	C:\windows\SYSTEM32\combase.dll
0x00007ffab4f30000 - 0x00007ffab507b000 	C:\windows\system32\GDI32.dll
0x00007ffab4610000 - 0x00007ffab4625000 	C:\windows\SYSTEM32\profapi.dll
0x00007ffab2850000 - 0x00007ffab2902000 	C:\windows\SYSTEM32\SHCORE.dll
0x00007ffab4b70000 - 0x00007ffab4ba6000 	C:\windows\system32\IMM32.DLL
0x00007ffab5310000 - 0x00007ffab5461000 	C:\windows\system32\MSCTF.dll
0x00007ffab2220000 - 0x00007ffab249b000 	C:\windows\WinSxS\amd64_microsoft.windows.common-controls_6595b64144ccf1df_6.0.9600.18006_none_623f33d3ecbe86e8\COMCTL32.dll
0x000000005e820000 - 0x000000005e8f2000 	C:\Program Files\Java\jdk1.8.0_144\jre\bin\msvcr100.dll
0x000000005df80000 - 0x000000005e81d000 	C:\Program Files\Java\jdk1.8.0_144\jre\bin\server\jvm.dll
0x00007ffaa90a0000 - 0x00007ffaa90a9000 	C:\windows\SYSTEM32\WSOCK32.dll
0x00007ffab0d50000 - 0x00007ffab0d72000 	C:\windows\SYSTEM32\WINMM.dll
0x00007ffab3a80000 - 0x00007ffab3a8a000 	C:\windows\SYSTEM32\VERSION.dll
0x00007ffab4bb0000 - 0x00007ffab4bb7000 	C:\windows\system32\PSAPI.DLL
0x00007ffab5680000 - 0x00007ffab56da000 	C:\windows\system32\WS2_32.dll
0x00007ffab08e0000 - 0x00007ffab090a000 	C:\windows\SYSTEM32\WINMMBASE.dll
0x00007ffab5a30000 - 0x00007ffab5a39000 	C:\windows\system32\NSI.dll
0x00007ffab46e0000 - 0x00007ffab472f000 	C:\windows\SYSTEM32\cfgmgr32.dll
0x00007ffab3130000 - 0x00007ffab3158000 	C:\windows\SYSTEM32\DEVOBJ.dll
0x000000005eb90000 - 0x000000005eb9f000 	C:\Program Files\Java\jdk1.8.0_144\jre\bin\verify.dll
0x000000005eb60000 - 0x000000005eb89000 	C:\Program Files\Java\jdk1.8.0_144\jre\bin\java.dll
0x000000005eb40000 - 0x000000005eb56000 	C:\Program Files\Java\jdk1.8.0_144\jre\bin\zip.dll
0x000000005df30000 - 0x000000005df3d000 	C:\Program Files\Java\jdk1.8.0_144\jre\bin\management.dll
0x000000005df60000 - 0x000000005df7a000 	C:\Program Files\Java\jdk1.8.0_144\jre\bin\net.dll
0x0000000180000000 - 0x000000018006d000 	C:\windows\system32\LavasoftTcpService64.dll
0x00007ffab3e20000 - 0x00007ffab3e79000 	C:\windows\SYSTEM32\MSWSOCK.dll
0x00007ffab33d0000 - 0x00007ffab33fa000 	C:\windows\SYSTEM32\IPHLPAPI.DLL
0x00007ffab5470000 - 0x00007ffab5536000 	C:\windows\system32\OLEAUT32.dll
0x00007ffab33c0000 - 0x00007ffab33ca000 	C:\windows\SYSTEM32\WINNSI.DLL
0x000000005df40000 - 0x000000005df51000 	C:\Program Files\Java\jdk1.8.0_144\jre\bin\nio.dll
0x00007ffab3180000 - 0x00007ffab318b000 	C:\windows\SYSTEM32\kernel.appcore.dll
0x00007ffab4580000 - 0x00007ffab458b000 	C:\windows\SYSTEM32\CRYPTBASE.dll
0x00007ffab4410000 - 0x00007ffab4473000 	C:\windows\SYSTEM32\bcryptPrimitives.dll
0x00007ffab2fb0000 - 0x00007ffab30d9000 	C:\windows\system32\uxtheme.dll
0x00007ffaac7e0000 - 0x00007ffaac8b9000 	c:\Program Files\Hewlett-Packard\HP ProtectTools Security Manager\Bin\DpoFeedb.dll
0x00007ffaa2160000 - 0x00007ffaa2175000 	C:\windows\system32\napinsp.dll
0x00007ffaa2140000 - 0x00007ffaa215a000 	C:\windows\system32\pnrpnsp.dll
0x00007ffab06f0000 - 0x00007ffab070b000 	C:\windows\system32\NLAapi.dll
0x00007ffab3ae0000 - 0x00007ffab3b84000 	C:\windows\SYSTEM32\DNSAPI.dll
0x00007ffaa2130000 - 0x00007ffaa213d000 	C:\windows\System32\winrnr.dll
0x00007ffaa2110000 - 0x00007ffaa2124000 	C:\windows\system32\wshbth.dll
0x000000005fc70000 - 0x000000005fc96000 	C:\Program Files\Bonjour\mdnsNSP.dll
0x00007ffaa8330000 - 0x00007ffaa833a000 	C:\Windows\System32\rasadhlp.dll
0x00007ffaadd00000 - 0x00007ffaadd6b000 	C:\windows\System32\fwpuclnt.dll

VM Arguments:
java_command: C:\Users\840\AppData\Local\Temp\surefire1478745490828308540\surefirebooter2778344556009564938.jar C:\Users\840\AppData\Local\Temp\surefire1478745490828308540 2018-07-22T12-13-47_255-jvmRun1 surefire1766737168057384617tmp surefire_0755671218884526076tmp
java_class_path (initial): C:\Users\840\AppData\Local\Temp\surefire1478745490828308540\surefirebooter2778344556009564938.jar
Launcher Type: SUN_STANDARD

Environment Variables:
JAVA_HOME=C:\Program Files\Java\jdk1.8.0_144
PATH=c:\Program Files (x86)\Intel\iCLS Client\;c:\Program Files\Intel\iCLS Client\;C:\windows\system32;C:\windows;C:\windows\System32\Wbem;C:\windows\System32\WindowsPowerShell\v1.0\;c:\Program Files\Intel\WiFi\bin\;c:\Program Files\Common Files\Intel\WirelessCommon\;C:\Program Files\Intel\Intel(R) Management Engine Components\DAL;C:\Program Files\Intel\Intel(R) Management Engine Components\IPT;C:\Program Files (x86)\Intel\Intel(R) Management Engine Components\DAL;C:\Program Files (x86)\Intel\Intel(R) Management Engine Components\IPT; C:\Program Files (x86)\Texmaker\texmaker.exe;C:\Program Files\Microsoft SQL Server\130\Tools\Binn\;C:\Program Files (x86)\Skype\Phone\;C:\Program Files (x86)\Windows Kits\10\Windows Performance Toolkit\;C:\Users\840\.dnx\bin;C:\Program Files\Microsoft DNX\Dnvm\;C:\mehenna\tools\apache-maven-3.5.3\bin;C:\Program Files\nodejs\;C:\mehenna\tools\springCLI-2.0.3.RELEASE\bin;C:\Program Files\Git\cmd;C:\ProgramData\chocolatey\bin;C:\Program Files\Java\jdk1.8.0_144\bin;C:\Users\840\AppData\Local\Programs\Python\Python35\Scripts\;C:\Users\840\AppData\Local\Programs\Python\Python35\;C:\Users\840\Anaconda3;C:\Users\840\Anaconda3\Scripts;C:\Users\840\Anaconda3\Library\bin;c:\mingw\bin;C:\MinGW\msys\1.0\bin;C:\Users\840\AppData\Roaming\npm
USERNAME=840
OS=Windows_NT
PROCESSOR_IDENTIFIER=Intel64 Family 6 Model 69 Stepping 1, GenuineIntel



---------------  S Y S T E M  ---------------

OS: Windows 8.1 , 64 bit Build 9600 (6.3.9600.17415)

CPU:total 4 (initial active 4) (2 cores per cpu, 2 threads per core) family 6 model 69 stepping 1, cmov, cx8, fxsr, mmx, sse, sse2, sse3, ssse3, sse4.1, sse4.2, popcnt, avx, avx2, aes, clmul, erms, lzcnt, ht, tsc, tscinvbit, bmi1, bmi2

Memory: 4k page, physical 4088940k(321840k free), swap 16671852k(5060k free)

vm_info: Java HotSpot(TM) 64-Bit Server VM (25.144-b01) for windows-amd64 JRE (1.8.0_144-b01), built on Jul 21 2017 21:57:33 by "java_re" with MS VC++ 10.0 (VS2010)

time: Sun Jul 22 12:13:52 2018
elapsed time: 3 seconds (0d 0h 0m 3s)

